TN:
SF:cypress.config.ts
FNF:0
FNH:0
LF:0
LH:0
BRF:0
BRH:0
end_of_record
TN:
SF:storybook-init-framework-entry.js
FNF:0
FNH:0
LF:0
LH:0
BRF:0
BRH:0
end_of_record
TN:
SF:.storybook/preview.js
FNF:0
FNH:0
DA:1,1
LF:1
LH:1
BRF:0
BRH:0
end_of_record
TN:
SF:.storybook/preview.js-generated-config-entry.js
FN:1,ownKeys
FN:1,(anonymous_1)
FN:3,_objectSpread
FN:3,(anonymous_3)
FN:3,(anonymous_4)
FN:5,_defineProperty
FN:10,(anonymous_6)
FN:26,(anonymous_7)
FN:33,(anonymous_8)
FN:45,(anonymous_9)
FN:52,(anonymous_10)
FNF:11
FNH:5
FNDA:1,ownKeys
FNDA:0,(anonymous_1)
FNDA:1,_objectSpread
FNDA:2,(anonymous_3)
FNDA:0,(anonymous_4)
FNDA:2,_defineProperty
FNDA:2,(anonymous_6)
FNDA:0,(anonymous_7)
FNDA:0,(anonymous_8)
FNDA:0,(anonymous_9)
FNDA:0,(anonymous_10)
DA:1,1
DA:3,2
DA:5,2
DA:10,1
DA:11,2
DA:13,2
DA:16,0
DA:21,0
DA:26,0
DA:27,0
DA:33,0
DA:34,0
DA:40,1
DA:45,0
DA:46,0
DA:52,0
DA:53,0
DA:59,0
DA:65,0
DA:66,0
DA:67,0
DA:74,1
DA:80,0
LF:23
LH:8
BRDA:1,0,0,1
BRDA:1,0,1,0
BRDA:1,1,0,1
BRDA:1,1,1,1
BRDA:3,2,0,1
BRDA:3,2,1,0
BRDA:3,3,0,1
BRDA:3,3,1,0
BRDA:3,4,0,0
BRDA:3,4,1,0
BRDA:5,5,0,0
BRDA:5,5,1,2
BRDA:13,6,0,0
BRDA:13,6,1,0
BRDA:13,6,2,0
BRDA:13,6,3,0
BRDA:13,6,4,1
BRDA:13,6,5,0
BRDA:13,6,6,0
BRDA:13,6,7,0
BRDA:13,6,8,0
BRDA:13,6,9,0
BRDA:13,6,10,1
BRDA:13,6,11,1
BRDA:13,6,12,1
BRDA:13,6,13,0
BRF:26
BRH:10
end_of_record
TN:
SF:cypress/support/commands.ts
FNF:0
FNH:0
LF:0
LH:0
BRF:0
BRH:0
end_of_record
TN:
SF:cypress/support/e2e.ts
FNF:0
FNH:0
LF:0
LH:0
BRF:0
BRH:0
end_of_record
TN:
SF:src/App.test.tsx
FNF:0
FNH:0
LF:0
LH:0
BRF:0
BRH:0
end_of_record
TN:
SF:src/App.tsx
FNF:0
FNH:0
LF:0
LH:0
BRF:0
BRH:0
end_of_record
TN:
SF:src/index.tsx
FNF:0
FNH:0
LF:0
LH:0
BRF:0
BRH:0
end_of_record
TN:
SF:src/reportWebVitals.ts
FNF:0
FNH:0
LF:0
LH:0
BRF:0
BRH:0
end_of_record
TN:
SF:src/setupTests.ts
FNF:0
FNH:0
LF:0
LH:0
BRF:0
BRH:0
end_of_record
TN:
SF:src/stories/Button.stories.tsx
FN:25,(anonymous_0)
FNF:1
FNH:1
FNDA:1,(anonymous_0)
DA:5,1
DA:7,1
DA:25,1
DA:27,1
DA:29,1
DA:34,1
DA:35,1
DA:39,1
DA:40,1
DA:45,1
DA:46,1
DA:53,1
DA:54,1
DA:55,1
DA:56,1
LF:15
LH:15
BRF:0
BRH:0
end_of_record
TN:
SF:src/stories/Button.tsx
FN:33,(anonymous_0)
FNF:1
FNH:1
FNDA:1,(anonymous_0)
DA:33,1
DA:40,1
DA:41,1
LF:3
LH:3
BRDA:34,0,0,0
BRDA:35,1,0,1
BRDA:40,2,0,1
BRDA:40,2,1,0
BRF:4
BRH:2
end_of_record
TN:
SF:src/stories/Header.stories.tsx
FN:23,(anonymous_0)
FNF:1
FNH:0
FNDA:0,(anonymous_0)
DA:5,1
DA:7,1
DA:23,1
DA:25,1
DA:26,1
DA:32,1
DA:33,1
DA:37,1
DA:38,1
LF:9
LH:9
BRF:0
BRH:0
end_of_record
TN:
SF:src/stories/Header.tsx
FN:17,(anonymous_0)
FNF:1
FNH:0
FNDA:0,(anonymous_0)
DA:17,1
DA:18,0
LF:2
LH:1
BRDA:40,0,0,0
BRDA:40,0,1,0
BRF:2
BRH:0
end_of_record
TN:
SF:src/stories/Page.stories.tsx
FN:23,(anonymous_0)
FN:30,(anonymous_1)
FNF:2
FNH:0
FNDA:0,(anonymous_0)
FNDA:0,(anonymous_1)
DA:5,1
DA:7,1
DA:23,1
DA:25,1
DA:27,1
DA:30,1
DA:31,0
DA:32,0
DA:33,0
DA:38,1
DA:39,1
LF:11
LH:8
BRF:0
BRH:0
end_of_record
TN:
SF:src/stories/Page.tsx
FN:10,(anonymous_0)
FN:17,(anonymous_1)
FN:18,(anonymous_2)
FN:19,(anonymous_3)
FNF:4
FNH:0
FNDA:0,(anonymous_0)
FNDA:0,(anonymous_1)
FNDA:0,(anonymous_2)
FNDA:0,(anonymous_3)
DA:10,1
DA:11,0
DA:13,0
DA:17,0
DA:18,0
DA:19,0
LF:6
LH:1
BRF:0
BRH:0
end_of_record
